Using pre-set license
Built from '2020.3/release' branch; Version is '2020.3.7f1 (dd97f2c94397) revision 14522354'; Using compiler version '192528614'; Build Type 'Release'
OS: 'Windows 10 Home; OS build 19042.1237; Version 2009; 64bit' Language: 'en' Physical Memory: 16319 MB
BatchMode: 1, IsHumanControllingUs: 0, StartBugReporterOnCrash: 0, Is64bit: 1, IsPro: 0

 COMMAND LINE ARGUMENTS:
D:\Unity Version\2020.3.7f1\Editor\Unity.exe
-adb2
-batchMode
-noUpm
-name
AssetImportWorker0
-projectPath
D:/Unity Project/XIARA STUDIO PROJECT/SpellCombat
-logFile
Logs/AssetImportWorker0.log
-srvPort
57285
Successfully changed project path to: D:/Unity Project/XIARA STUDIO PROJECT/SpellCombat
D:/Unity Project/XIARA STUDIO PROJECT/SpellCombat
Using Asset Import Pipeline V2.
Refreshing native plugins compatible for Editor in 42.54 ms, found 1 plugins.
Preloading 0 native plugins for Editor in 0.00 ms.
Initialize engine version: 2020.3.7f1 (dd97f2c94397)
[Subsystems] Discovering subsystems at path D:/Unity Version/2020.3.7f1/Editor/Data/Resources/UnitySubsystems
[Subsystems] Discovering subsystems at path D:/Unity Project/XIARA STUDIO PROJECT/SpellCombat/Assets
GfxDevice: creating device client; threaded=0
Direct3D:
    Version:  Direct3D 11.0 [level 11.1]
    Renderer: NVIDIA GeForce GTX 980M (ID=0x1617)
    Vendor:   
    VRAM:     4061 MB
    Driver:   23.21.13.8857
Initialize mono
Mono path[0] = 'D:/Unity Version/2020.3.7f1/Editor/Data/Managed'
Mono path[1] = 'D:/Unity Version/2020.3.7f1/Editor/Data/MonoBleedingEdge/lib/mono/unityjit'
Mono config path = 'D:/Unity Version/2020.3.7f1/Editor/Data/MonoBleedingEdge/etc'
Using monoOptions --debugger-agent=transport=dt_socket,embedding=1,server=y,suspend=n,address=127.0.0.1:56940
Begin MonoManager ReloadAssembly
Registering precompiled unity dll's ...
Register platform support module: D:/Unity Version/2020.3.7f1/Editor/Data/PlaybackEngines/WindowsStandaloneSupport/UnityEditor.WindowsStandalone.Extensions.dll
Registered in 0.001276 seconds.
Native extension for WindowsStandalone target not found
Refreshing native plugins compatible for Editor in 42.94 ms, found 1 plugins.
Preloading 0 native plugins for Editor in 0.00 ms.
Mono: successfully reloaded assembly
- Completed reload, in  1.775 seconds
Platform modules already initialized, skipping
Registering precompiled user dll's ...
Registered in 0.000899 seconds.
Begin MonoManager ReloadAssembly
Native extension for WindowsStandalone target not found
Refreshing native plugins compatible for Editor in 46.47 ms, found 1 plugins.
Preloading 0 native plugins for Editor in 0.00 ms.
Mono: successfully reloaded assembly
- Completed reload, in  1.323 seconds
Platform modules already initialized, skipping
========================================================================
Worker process is ready to serve import requests
Launched and connected shader compiler UnityShaderCompiler.exe after 0.06 seconds
Refreshing native plugins compatible for Editor in 0.66 ms, found 1 plugins.
Preloading 0 native plugins for Editor in 0.00 ms.
Unloading 1815 Unused Serialized files (Serialized files now loaded: 0)
System memory in use before: 84.9 MB.
System memory in use after: 85.0 MB.

Unloading 19 unused Assets to reduce memory usage. Loaded Objects now: 2262.
Total: 3.732100 ms (FindLiveObjects: 0.432200 ms CreateObjectMapping: 0.150600 ms MarkObjects: 3.049300 ms  DeleteObjects: 0.097900 ms)

========================================================================
Received Import Request.
  path: Assets/Scripts/Combat.cs
  artifactKey: Guid(21d4439ab1282d941bef43e77522bb88) Importer(815301076,1909f56bfc062723c751e8b465ee728b)
Start importing Assets/Scripts/Combat.cs using Guid(21d4439ab1282d941bef43e77522bb88) Importer(815301076,1909f56bfc062723c751e8b465ee728b)  -> (artifact id: 'be91b55e90b60acdf418bf25f0fd732e') in 0.150780 seconds
  Import took 0.160640 seconds .

========================================================================
Received Import Request.
  Time since last request: 0.000316 seconds.
  path: Assets/Scripts/Enemy.cs
  artifactKey: Guid(c58ce5275a9528c438d38c7be04a1246) Importer(815301076,1909f56bfc062723c751e8b465ee728b)
Start importing Assets/Scripts/Enemy.cs using Guid(c58ce5275a9528c438d38c7be04a1246) Importer(815301076,1909f56bfc062723c751e8b465ee728b)  -> (artifact id: 'dc729181ba2b891f8fcd973f80a9ac18') in 0.022114 seconds
  Import took 0.026499 seconds .

========================================================================
Received Import Request.
  Time since last request: 0.000339 seconds.
  path: Assets/Scripts/Player.cs
  artifactKey: Guid(4b470c16cd4b2eb45870cfb156cc7585) Importer(815301076,1909f56bfc062723c751e8b465ee728b)
Start importing Assets/Scripts/Player.cs using Guid(4b470c16cd4b2eb45870cfb156cc7585) Importer(815301076,1909f56bfc062723c751e8b465ee728b)  -> (artifact id: 'b9833acd5bf3551a2a576a8e1865b3f7') in 0.019913 seconds
  Import took 0.025951 seconds .

========================================================================
Received Import Request.
  Time since last request: 0.000248 seconds.
  path: Assets/Scripts/PlayerBag.cs
  artifactKey: Guid(c7e010b5fd6740c4a801bed46ad4c030) Importer(815301076,1909f56bfc062723c751e8b465ee728b)
Start importing Assets/Scripts/PlayerBag.cs using Guid(c7e010b5fd6740c4a801bed46ad4c030) Importer(815301076,1909f56bfc062723c751e8b465ee728b)  -> (artifact id: '1a22c30a271295d4c4d1c4c16864c30c') in 0.014839 seconds
  Import took 0.020317 seconds .

========================================================================
Received Prepare
Registering precompiled user dll's ...
Registered in 0.000962 seconds.
Begin MonoManager ReloadAssembly
Native extension for WindowsStandalone target not found
Refreshing native plugins compatible for Editor in 0.43 ms, found 1 plugins.
Preloading 0 native plugins for Editor in 0.00 ms.
Mono: successfully reloaded assembly
- Completed reload, in  1.007 seconds
Platform modules already initialized, skipping
Refreshing native plugins compatible for Editor in 0.47 ms, found 1 plugins.
Preloading 0 native plugins for Editor in 0.00 ms.
Unloading 1805 Unused Serialized files (Serialized files now loaded: 0)
System memory in use before: 84.4 MB.
System memory in use after: 84.5 MB.

Unloading 7 unused Assets to reduce memory usage. Loaded Objects now: 2266.
Total: 2.408000 ms (FindLiveObjects: 0.170200 ms CreateObjectMapping: 0.070400 ms MarkObjects: 2.132000 ms  DeleteObjects: 0.034400 ms)

========================================================================
Received Import Request.
  Time since last request: 203.725290 seconds.
  path: Assets/Scripts/Combat.cs
  artifactKey: Guid(21d4439ab1282d941bef43e77522bb88) Importer(815301076,1909f56bfc062723c751e8b465ee728b)
Start importing Assets/Scripts/Combat.cs using Guid(21d4439ab1282d941bef43e77522bb88) Importer(815301076,1909f56bfc062723c751e8b465ee728b)  -> (artifact id: '8a8419bbaf7a54753965e1a14ca3d976') in 0.004725 seconds
  Import took 0.008209 seconds .

========================================================================
Received Prepare
Registering precompiled user dll's ...
Registered in 0.001643 seconds.
Begin MonoManager ReloadAssembly
Native extension for WindowsStandalone target not found
Refreshing native plugins compatible for Editor in 0.52 ms, found 1 plugins.
Preloading 0 native plugins for Editor in 0.00 ms.
Mono: successfully reloaded assembly
- Completed reload, in  1.456 seconds
Platform modules already initialized, skipping
Refreshing native plugins compatible for Editor in 0.53 ms, found 1 plugins.
Preloading 0 native plugins for Editor in 0.00 ms.
Unloading 1818 Unused Serialized files (Serialized files now loaded: 0)
System memory in use before: 86.5 MB.
System memory in use after: 86.0 MB.

Unloading 20 unused Assets to reduce memory usage. Loaded Objects now: 2270.
Total: 3.814600 ms (FindLiveObjects: 0.277500 ms CreateObjectMapping: 0.097700 ms MarkObjects: 2.776300 ms  DeleteObjects: 0.661100 ms)

========================================================================
Received Prepare
Registering precompiled user dll's ...
Registered in 0.000845 seconds.
Begin MonoManager ReloadAssembly
Native extension for WindowsStandalone target not found
Refreshing native plugins compatible for Editor in 0.37 ms, found 1 plugins.
Preloading 0 native plugins for Editor in 0.00 ms.
Mono: successfully reloaded assembly
- Completed reload, in  0.995 seconds
Platform modules already initialized, skipping
Refreshing native plugins compatible for Editor in 0.38 ms, found 1 plugins.
Preloading 0 native plugins for Editor in 0.00 ms.
Unloading 1818 Unused Serialized files (Serialized files now loaded: 0)
System memory in use before: 86.5 MB.
System memory in use after: 86.0 MB.

Unloading 20 unused Assets to reduce memory usage. Loaded Objects now: 2274.
Total: 3.101800 ms (FindLiveObjects: 0.228200 ms CreateObjectMapping: 0.091800 ms MarkObjects: 2.326100 ms  DeleteObjects: 0.454200 ms)

========================================================================
Received Prepare
Registering precompiled user dll's ...
Registered in 0.001169 seconds.
Begin MonoManager ReloadAssembly
Native extension for WindowsStandalone target not found
Refreshing native plugins compatible for Editor in 0.59 ms, found 1 plugins.
Preloading 0 native plugins for Editor in 0.00 ms.
Mono: successfully reloaded assembly
- Completed reload, in  1.379 seconds
Platform modules already initialized, skipping
Refreshing native plugins compatible for Editor in 0.45 ms, found 1 plugins.
Preloading 0 native plugins for Editor in 0.00 ms.
Unloading 1818 Unused Serialized files (Serialized files now loaded: 0)
System memory in use before: 86.6 MB.
System memory in use after: 86.0 MB.

Unloading 20 unused Assets to reduce memory usage. Loaded Objects now: 2278.
Total: 3.707700 ms (FindLiveObjects: 0.359300 ms CreateObjectMapping: 0.114300 ms MarkObjects: 2.688900 ms  DeleteObjects: 0.543200 ms)

========================================================================
Received Prepare
Registering precompiled user dll's ...
Registered in 0.000874 seconds.
Begin MonoManager ReloadAssembly
Native extension for WindowsStandalone target not found
Refreshing native plugins compatible for Editor in 0.46 ms, found 1 plugins.
Preloading 0 native plugins for Editor in 0.00 ms.
Mono: successfully reloaded assembly
- Completed reload, in  0.957 seconds
Platform modules already initialized, skipping
Refreshing native plugins compatible for Editor in 0.45 ms, found 1 plugins.
Preloading 0 native plugins for Editor in 0.00 ms.
Unloading 1818 Unused Serialized files (Serialized files now loaded: 0)
System memory in use before: 86.6 MB.
System memory in use after: 86.0 MB.

Unloading 20 unused Assets to reduce memory usage. Loaded Objects now: 2282.
Total: 2.664300 ms (FindLiveObjects: 0.288100 ms CreateObjectMapping: 0.109400 ms MarkObjects: 1.869300 ms  DeleteObjects: 0.396500 ms)

========================================================================
Received Import Request.
  Time since last request: 11671.666386 seconds.
  path: Assets
  artifactKey: Guid(00000000000000001000000000000000) Importer(815301076,1909f56bfc062723c751e8b465ee728b)
Start importing Assets using Guid(00000000000000001000000000000000) Importer(815301076,1909f56bfc062723c751e8b465ee728b)  -> (artifact id: '5f6a1853b736837ecfb0820a881449cb') in 0.013223 seconds
  Import took 0.017396 seconds .

========================================================================
Received Import Request.
  Time since last request: 5.845042 seconds.
  path: Assets/Sprites
  artifactKey: Guid(39d48c5fab198f247b305cd1dbf57d05) Importer(815301076,1909f56bfc062723c751e8b465ee728b)
Start importing Assets/Sprites using Guid(39d48c5fab198f247b305cd1dbf57d05) Importer(815301076,1909f56bfc062723c751e8b465ee728b)  -> (artifact id: '1212d5e299f15d1cf322d8d2a2d101d9') in 0.010252 seconds
  Import took 0.013672 seconds .

========================================================================
Received Import Request.
  Time since last request: 102.402916 seconds.
  path: Assets/Sprites/player.png
  artifactKey: Guid(307b49f11d0f2b441b78011cd8c81f88) Importer(815301076,1909f56bfc062723c751e8b465ee728b)
Start importing Assets/Sprites/player.png using Guid(307b49f11d0f2b441b78011cd8c81f88) Importer(815301076,1909f56bfc062723c751e8b465ee728b)  -> (artifact id: 'c12782a7067124ededfedf3b8fca8b29') in 0.169137 seconds
  Import took 0.172718 seconds .

========================================================================
Received Import Request.
  Time since last request: 23.626561 seconds.
  path: Assets/Sprites/player.png
  artifactKey: Guid(307b49f11d0f2b441b78011cd8c81f88) Importer(815301076,1909f56bfc062723c751e8b465ee728b)
Start importing Assets/Sprites/player.png using Guid(307b49f11d0f2b441b78011cd8c81f88) Importer(815301076,1909f56bfc062723c751e8b465ee728b)  -> (artifact id: 'ee062c3bbd6cc46c3a796f702ec0f331') in 0.015637 seconds
  Import took 0.020523 seconds .

========================================================================
Received Import Request.
  Time since last request: 27.129745 seconds.
  path: Assets/Sprites/player.png
  artifactKey: Guid(307b49f11d0f2b441b78011cd8c81f88) Importer(815301076,1909f56bfc062723c751e8b465ee728b)
Start importing Assets/Sprites/player.png using Guid(307b49f11d0f2b441b78011cd8c81f88) Importer(815301076,1909f56bfc062723c751e8b465ee728b)  -> (artifact id: '92b09eaf3a6f263c37588aaf8f062bfa') in 0.072339 seconds
  Import took 0.076592 seconds .

========================================================================
Received Prepare
Registering precompiled user dll's ...
Registered in 0.001315 seconds.
Begin MonoManager ReloadAssembly
Native extension for WindowsStandalone target not found
Refreshing native plugins compatible for Editor in 0.37 ms, found 1 plugins.
Preloading 0 native plugins for Editor in 0.00 ms.
Mono: successfully reloaded assembly
- Completed reload, in  0.920 seconds
Platform modules already initialized, skipping
Refreshing native plugins compatible for Editor in 0.40 ms, found 1 plugins.
Preloading 0 native plugins for Editor in 0.00 ms.
Unloading 1818 Unused Serialized files (Serialized files now loaded: 0)
System memory in use before: 89.7 MB.
System memory in use after: 89.1 MB.

Unloading 20 unused Assets to reduce memory usage. Loaded Objects now: 2304.
Total: 2.806800 ms (FindLiveObjects: 0.349100 ms CreateObjectMapping: 0.098400 ms MarkObjects: 2.002900 ms  DeleteObjects: 0.355300 ms)

========================================================================
Received Import Request.
  Time since last request: 95.356105 seconds.
  path: Assets/Sprites/player.png
  artifactKey: Guid(307b49f11d0f2b441b78011cd8c81f88) Importer(815301076,1909f56bfc062723c751e8b465ee728b)
Start importing Assets/Sprites/player.png using Guid(307b49f11d0f2b441b78011cd8c81f88) Importer(815301076,1909f56bfc062723c751e8b465ee728b)  -> (artifact id: '0c6af3695ef532adaecbfb189afeadf9') in 0.103479 seconds
  Import took 0.107047 seconds .

========================================================================
Received Prepare
Registering precompiled user dll's ...
Registered in 0.001005 seconds.
Begin MonoManager ReloadAssembly
Native extension for WindowsStandalone target not found
Refreshing native plugins compatible for Editor in 0.36 ms, found 1 plugins.
Preloading 0 native plugins for Editor in 0.00 ms.
Mono: successfully reloaded assembly
- Completed reload, in  1.033 seconds
Platform modules already initialized, skipping
Refreshing native plugins compatible for Editor in 0.42 ms, found 1 plugins.
Preloading 0 native plugins for Editor in 0.00 ms.
Unloading 1818 Unused Serialized files (Serialized files now loaded: 0)
System memory in use before: 89.7 MB.
System memory in use after: 89.1 MB.

Unloading 20 unused Assets to reduce memory usage. Loaded Objects now: 2309.
Total: 2.986100 ms (FindLiveObjects: 0.277800 ms CreateObjectMapping: 0.093400 ms MarkObjects: 2.106400 ms  DeleteObjects: 0.507100 ms)

========================================================================
Received Prepare
Registering precompiled user dll's ...
Registered in 0.001117 seconds.
Begin MonoManager ReloadAssembly
Native extension for WindowsStandalone target not found
Refreshing native plugins compatible for Editor in 0.52 ms, found 1 plugins.
Preloading 0 native plugins for Editor in 0.00 ms.
Mono: successfully reloaded assembly
- Completed reload, in  1.293 seconds
Platform modules already initialized, skipping
Refreshing native plugins compatible for Editor in 0.59 ms, found 1 plugins.
Preloading 0 native plugins for Editor in 0.00 ms.
Unloading 1818 Unused Serialized files (Serialized files now loaded: 0)
System memory in use before: 89.7 MB.
System memory in use after: 89.2 MB.

Unloading 20 unused Assets to reduce memory usage. Loaded Objects now: 2313.
Total: 3.539100 ms (FindLiveObjects: 0.286700 ms CreateObjectMapping: 0.096300 ms MarkObjects: 2.529200 ms  DeleteObjects: 0.625100 ms)

========================================================================
Received Import Request.
  Time since last request: 37.485799 seconds.
  path: Assets/Sprites/player.png
  artifactKey: Guid(307b49f11d0f2b441b78011cd8c81f88) Importer(815301076,1909f56bfc062723c751e8b465ee728b)
Start importing Assets/Sprites/player.png using Guid(307b49f11d0f2b441b78011cd8c81f88) Importer(815301076,1909f56bfc062723c751e8b465ee728b)  -> (artifact id: '66a8ca51083fba60ba27a743d76b1546') in 0.100960 seconds
  Import took 0.105303 seconds .

========================================================================
Received Import Request.
  Time since last request: 0.026952 seconds.
  path: Assets/Sprites/player.png
  artifactKey: Guid(307b49f11d0f2b441b78011cd8c81f88) Importer(815301076,1909f56bfc062723c751e8b465ee728b)
Start importing Assets/Sprites/player.png using Guid(307b49f11d0f2b441b78011cd8c81f88) Importer(815301076,1909f56bfc062723c751e8b465ee728b)  -> (artifact id: '66a8ca51083fba60ba27a743d76b1546') in 0.047840 seconds
  Import took 0.051289 seconds .

========================================================================
Received Prepare
Registering precompiled user dll's ...
Registered in 0.000936 seconds.
Begin MonoManager ReloadAssembly
Native extension for WindowsStandalone target not found
Refreshing native plugins compatible for Editor in 0.37 ms, found 1 plugins.
Preloading 0 native plugins for Editor in 0.00 ms.
Mono: successfully reloaded assembly
- Completed reload, in  1.026 seconds
Platform modules already initialized, skipping
Refreshing native plugins compatible for Editor in 0.57 ms, found 1 plugins.
Preloading 0 native plugins for Editor in 0.00 ms.
Unloading 1818 Unused Serialized files (Serialized files now loaded: 0)
System memory in use before: 89.7 MB.
System memory in use after: 89.2 MB.

Unloading 20 unused Assets to reduce memory usage. Loaded Objects now: 2318.
Total: 3.184800 ms (FindLiveObjects: 0.414400 ms CreateObjectMapping: 0.121100 ms MarkObjects: 2.211200 ms  DeleteObjects: 0.436400 ms)

========================================================================
Received Prepare
Registering precompiled user dll's ...
Registered in 0.000908 seconds.
Begin MonoManager ReloadAssembly
Native extension for WindowsStandalone target not found
Refreshing native plugins compatible for Editor in 0.35 ms, found 1 plugins.
Preloading 0 native plugins for Editor in 0.00 ms.
Mono: successfully reloaded assembly
- Completed reload, in  1.004 seconds
Platform modules already initialized, skipping
Refreshing native plugins compatible for Editor in 0.38 ms, found 1 plugins.
Preloading 0 native plugins for Editor in 0.00 ms.
Unloading 1818 Unused Serialized files (Serialized files now loaded: 0)
System memory in use before: 89.7 MB.
System memory in use after: 89.2 MB.

Unloading 20 unused Assets to reduce memory usage. Loaded Objects now: 2322.
Total: 2.583000 ms (FindLiveObjects: 0.236500 ms CreateObjectMapping: 0.083400 ms MarkObjects: 1.847200 ms  DeleteObjects: 0.414700 ms)

========================================================================
Received Prepare
Registering precompiled user dll's ...
Registered in 0.001160 seconds.
Begin MonoManager ReloadAssembly
Native extension for WindowsStandalone target not found
Refreshing native plugins compatible for Editor in 0.43 ms, found 1 plugins.
Preloading 0 native plugins for Editor in 0.00 ms.
Mono: successfully reloaded assembly
- Completed reload, in  0.987 seconds
Platform modules already initialized, skipping
Refreshing native plugins compatible for Editor in 0.37 ms, found 1 plugins.
Preloading 0 native plugins for Editor in 0.00 ms.
Unloading 1818 Unused Serialized files (Serialized files now loaded: 0)
System memory in use before: 89.7 MB.
System memory in use after: 89.2 MB.

Unloading 20 unused Assets to reduce memory usage. Loaded Objects now: 2326.
Total: 3.504200 ms (FindLiveObjects: 0.347900 ms CreateObjectMapping: 0.192700 ms MarkObjects: 2.462900 ms  DeleteObjects: 0.499400 ms)

========================================================================
Received Prepare
Registering precompiled user dll's ...
Registered in 0.001172 seconds.
Begin MonoManager ReloadAssembly
Native extension for WindowsStandalone target not found
Refreshing native plugins compatible for Editor in 0.40 ms, found 1 plugins.
Preloading 0 native plugins for Editor in 0.00 ms.
Mono: successfully reloaded assembly
- Completed reload, in  1.025 seconds
Platform modules already initialized, skipping
Refreshing native plugins compatible for Editor in 0.42 ms, found 1 plugins.
Preloading 0 native plugins for Editor in 0.00 ms.
Unloading 1818 Unused Serialized files (Serialized files now loaded: 0)
System memory in use before: 89.7 MB.
System memory in use after: 89.2 MB.

Unloading 20 unused Assets to reduce memory usage. Loaded Objects now: 2330.
Total: 2.770400 ms (FindLiveObjects: 0.238800 ms CreateObjectMapping: 0.094700 ms MarkObjects: 2.046300 ms  DeleteObjects: 0.389300 ms)

========================================================================
Received Import Request.
  Time since last request: 2269.521737 seconds.
  path: Assets/Scripts
  artifactKey: Guid(8ed1bd1bdd8a883469a8c70d7231f83b) Importer(815301076,1909f56bfc062723c751e8b465ee728b)
Start importing Assets/Scripts using Guid(8ed1bd1bdd8a883469a8c70d7231f83b) Importer(815301076,1909f56bfc062723c751e8b465ee728b)  -> (artifact id: 'dbc0593b17aef1856c0ca2eccc2ec2b6') in 0.012337 seconds
  Import took 0.016158 seconds .

========================================================================
Received Import Request.
  Time since last request: 0.006746 seconds.
  path: Assets/Scripts
  artifactKey: Guid(8ed1bd1bdd8a883469a8c70d7231f83b) Importer(815301076,1909f56bfc062723c751e8b465ee728b)
Start importing Assets/Scripts using Guid(8ed1bd1bdd8a883469a8c70d7231f83b) Importer(815301076,1909f56bfc062723c751e8b465ee728b)  -> (artifact id: 'dbc0593b17aef1856c0ca2eccc2ec2b6') in 0.002677 seconds
  Import took 0.006612 seconds .

========================================================================
Received Import Request.
  Time since last request: 24.541251 seconds.
  path: Assets/Scripts/ProbabilityChangeHUDController.cs
  artifactKey: Guid(130d6cc193aff07438b99358c241a56e) Importer(815301076,1909f56bfc062723c751e8b465ee728b)
Start importing Assets/Scripts/ProbabilityChangeHUDController.cs using Guid(130d6cc193aff07438b99358c241a56e) Importer(815301076,1909f56bfc062723c751e8b465ee728b)  -> (artifact id: '443d6d988372a00ed7678eb4fdbe7838') in 0.012364 seconds
  Import took 0.017257 seconds .

========================================================================
Received Prepare
Registering precompiled user dll's ...
Registered in 0.000840 seconds.
Begin MonoManager ReloadAssembly
Native extension for WindowsStandalone target not found
Refreshing native plugins compatible for Editor in 0.36 ms, found 1 plugins.
Preloading 0 native plugins for Editor in 0.00 ms.
Mono: successfully reloaded assembly
- Completed reload, in  1.005 seconds
Platform modules already initialized, skipping
Refreshing native plugins compatible for Editor in 0.42 ms, found 1 plugins.
Preloading 0 native plugins for Editor in 0.00 ms.
Unloading 1819 Unused Serialized files (Serialized files now loaded: 0)
System memory in use before: 89.8 MB.
System memory in use after: 89.2 MB.

Unloading 20 unused Assets to reduce memory usage. Loaded Objects now: 2335.
Total: 3.550400 ms (FindLiveObjects: 0.461900 ms CreateObjectMapping: 0.256100 ms MarkObjects: 2.432100 ms  DeleteObjects: 0.398500 ms)

========================================================================
Received Prepare
Registering precompiled user dll's ...
Registered in 0.000892 seconds.
Begin MonoManager ReloadAssembly
Native extension for WindowsStandalone target not found
Refreshing native plugins compatible for Editor in 0.36 ms, found 1 plugins.
Preloading 0 native plugins for Editor in 0.00 ms.
Mono: successfully reloaded assembly
- Completed reload, in  1.028 seconds
Platform modules already initialized, skipping
Refreshing native plugins compatible for Editor in 0.40 ms, found 1 plugins.
Preloading 0 native plugins for Editor in 0.00 ms.
Unloading 1819 Unused Serialized files (Serialized files now loaded: 0)
System memory in use before: 89.8 MB.
System memory in use after: 89.2 MB.

Unloading 20 unused Assets to reduce memory usage. Loaded Objects now: 2339.
Total: 3.208700 ms (FindLiveObjects: 0.466400 ms CreateObjectMapping: 0.151400 ms MarkObjects: 2.175900 ms  DeleteObjects: 0.413800 ms)

========================================================================
Received Prepare
Registering precompiled user dll's ...
Registered in 0.001200 seconds.
Begin MonoManager ReloadAssembly
Native extension for WindowsStandalone target not found
Refreshing native plugins compatible for Editor in 0.47 ms, found 1 plugins.
Preloading 0 native plugins for Editor in 0.00 ms.
Mono: successfully reloaded assembly
- Completed reload, in  1.026 seconds
Platform modules already initialized, skipping
Refreshing native plugins compatible for Editor in 0.42 ms, found 1 plugins.
Preloading 0 native plugins for Editor in 0.00 ms.
Unloading 1819 Unused Serialized files (Serialized files now loaded: 0)
System memory in use before: 89.8 MB.
System memory in use after: 89.3 MB.

Unloading 20 unused Assets to reduce memory usage. Loaded Objects now: 2343.
Total: 3.545000 ms (FindLiveObjects: 0.532800 ms CreateObjectMapping: 0.201600 ms MarkObjects: 2.231000 ms  DeleteObjects: 0.577900 ms)

========================================================================
Received Prepare
Registering precompiled user dll's ...
Registered in 0.000934 seconds.
Begin MonoManager ReloadAssembly
Native extension for WindowsStandalone target not found
Refreshing native plugins compatible for Editor in 0.44 ms, found 1 plugins.
Preloading 0 native plugins for Editor in 0.00 ms.
Mono: successfully reloaded assembly
- Completed reload, in  1.036 seconds
Platform modules already initialized, skipping
Refreshing native plugins compatible for Editor in 0.68 ms, found 1 plugins.
Preloading 0 native plugins for Editor in 0.00 ms.
Unloading 1819 Unused Serialized files (Serialized files now loaded: 0)
System memory in use before: 89.8 MB.
System memory in use after: 89.3 MB.

Unloading 20 unused Assets to reduce memory usage. Loaded Objects now: 2347.
Total: 3.371800 ms (FindLiveObjects: 0.513500 ms CreateObjectMapping: 0.151100 ms MarkObjects: 2.114800 ms  DeleteObjects: 0.591000 ms)

========================================================================
Received Prepare
Registering precompiled user dll's ...
Registered in 0.000933 seconds.
Begin MonoManager ReloadAssembly
Native extension for WindowsStandalone target not found
Refreshing native plugins compatible for Editor in 0.35 ms, found 1 plugins.
Preloading 0 native plugins for Editor in 0.00 ms.
Mono: successfully reloaded assembly
- Completed reload, in  1.060 seconds
Platform modules already initialized, skipping
Refreshing native plugins compatible for Editor in 0.42 ms, found 1 plugins.
Preloading 0 native plugins for Editor in 0.00 ms.
Unloading 1819 Unused Serialized files (Serialized files now loaded: 0)
System memory in use before: 89.8 MB.
System memory in use after: 89.3 MB.

Unloading 20 unused Assets to reduce memory usage. Loaded Objects now: 2351.
Total: 3.060600 ms (FindLiveObjects: 0.419400 ms CreateObjectMapping: 0.108200 ms MarkObjects: 2.112300 ms  DeleteObjects: 0.419600 ms)

========================================================================
Received Prepare
Registering precompiled user dll's ...
Registered in 0.000863 seconds.
Begin MonoManager ReloadAssembly
Native extension for WindowsStandalone target not found
Refreshing native plugins compatible for Editor in 0.36 ms, found 1 plugins.
Preloading 0 native plugins for Editor in 0.00 ms.
Mono: successfully reloaded assembly
- Completed reload, in  0.963 seconds
Platform modules already initialized, skipping
Refreshing native plugins compatible for Editor in 0.40 ms, found 1 plugins.
Preloading 0 native plugins for Editor in 0.00 ms.
Unloading 1819 Unused Serialized files (Serialized files now loaded: 0)
System memory in use before: 89.8 MB.
System memory in use after: 89.3 MB.

Unloading 20 unused Assets to reduce memory usage. Loaded Objects now: 2355.
Total: 2.928500 ms (FindLiveObjects: 0.336300 ms CreateObjectMapping: 0.138200 ms MarkObjects: 1.958300 ms  DeleteObjects: 0.494100 ms)

========================================================================
Received Prepare
Registering precompiled user dll's ...
Registered in 0.001008 seconds.
Begin MonoManager ReloadAssembly
Native extension for WindowsStandalone target not found
Refreshing native plugins compatible for Editor in 0.36 ms, found 1 plugins.
Preloading 0 native plugins for Editor in 0.00 ms.
Mono: successfully reloaded assembly
- Completed reload, in  0.974 seconds
Platform modules already initialized, skipping
Refreshing native plugins compatible for Editor in 0.58 ms, found 1 plugins.
Preloading 0 native plugins for Editor in 0.00 ms.
Unloading 1819 Unused Serialized files (Serialized files now loaded: 0)
System memory in use before: 89.8 MB.
System memory in use after: 89.3 MB.

Unloading 20 unused Assets to reduce memory usage. Loaded Objects now: 2359.
Total: 2.864000 ms (FindLiveObjects: 0.238500 ms CreateObjectMapping: 0.060000 ms MarkObjects: 2.031000 ms  DeleteObjects: 0.533400 ms)

========================================================================
Received Import Request.
  Time since last request: 1039.905330 seconds.
  path: Assets/Scripts/CombatHUD
  artifactKey: Guid(9cb8376fcb1c19845a91c7dce718d8c9) Importer(815301076,1909f56bfc062723c751e8b465ee728b)
Start importing Assets/Scripts/CombatHUD using Guid(9cb8376fcb1c19845a91c7dce718d8c9) Importer(815301076,1909f56bfc062723c751e8b465ee728b)  -> (artifact id: '9239820698c439f60648ffd37bce7532') in 0.011479 seconds
  Import took 0.016197 seconds .

========================================================================
Received Prepare
Registering precompiled user dll's ...
Registered in 0.000917 seconds.
Begin MonoManager ReloadAssembly
Native extension for WindowsStandalone target not found
Refreshing native plugins compatible for Editor in 0.37 ms, found 1 plugins.
Preloading 0 native plugins for Editor in 0.00 ms.
Mono: successfully reloaded assembly
- Completed reload, in  0.943 seconds
Platform modules already initialized, skipping
Refreshing native plugins compatible for Editor in 0.40 ms, found 1 plugins.
Preloading 0 native plugins for Editor in 0.00 ms.
Unloading 1819 Unused Serialized files (Serialized files now loaded: 0)
System memory in use before: 89.8 MB.
System memory in use after: 89.3 MB.

Unloading 20 unused Assets to reduce memory usage. Loaded Objects now: 2363.
Total: 3.001900 ms (FindLiveObjects: 0.249400 ms CreateObjectMapping: 0.102200 ms MarkObjects: 2.182800 ms  DeleteObjects: 0.465900 ms)

========================================================================
Received Import Request.
  Time since last request: 198.749978 seconds.
  path: Assets/Scripts/NewBehaviourScript.cs
  artifactKey: Guid(ea6595f8458e1814fb73dd3df57ed043) Importer(815301076,1909f56bfc062723c751e8b465ee728b)
Start importing Assets/Scripts/NewBehaviourScript.cs using Guid(ea6595f8458e1814fb73dd3df57ed043) Importer(815301076,1909f56bfc062723c751e8b465ee728b)  -> (artifact id: '5a25161163e3706cfde3df5f5e98136d') in 0.012737 seconds
  Import took 0.017232 seconds .

========================================================================
Received Prepare
Registering precompiled user dll's ...
Registered in 0.001164 seconds.
Begin MonoManager ReloadAssembly
Native extension for WindowsStandalone target not found
Refreshing native plugins compatible for Editor in 0.35 ms, found 1 plugins.
Preloading 0 native plugins for Editor in 0.00 ms.
Mono: successfully reloaded assembly
- Completed reload, in  0.957 seconds
Platform modules already initialized, skipping
Refreshing native plugins compatible for Editor in 0.39 ms, found 1 plugins.
Preloading 0 native plugins for Editor in 0.00 ms.
Unloading 1820 Unused Serialized files (Serialized files now loaded: 0)
System memory in use before: 89.9 MB.
System memory in use after: 89.3 MB.

Unloading 20 unused Assets to reduce memory usage. Loaded Objects now: 2368.
Total: 2.943300 ms (FindLiveObjects: 0.308700 ms CreateObjectMapping: 0.114700 ms MarkObjects: 2.113700 ms  DeleteObjects: 0.405000 ms)

========================================================================
Received Import Request.
  Time since last request: 24.508197 seconds.
  path: Assets/Scripts/Wizard.cs
  artifactKey: Guid(efb0d558ef9d53349be8fc5721dc36ff) Importer(815301076,1909f56bfc062723c751e8b465ee728b)
Start importing Assets/Scripts/Wizard.cs using Guid(efb0d558ef9d53349be8fc5721dc36ff) Importer(815301076,1909f56bfc062723c751e8b465ee728b)  -> (artifact id: '34749856d0f12d3d9ef69a0d0eddc12f') in 0.010920 seconds
  Import took 0.014920 seconds .

========================================================================
Received Import Request.
  Time since last request: 0.023408 seconds.
  path: Assets/Scripts/Wizard.cs
  artifactKey: Guid(efb0d558ef9d53349be8fc5721dc36ff) Importer(815301076,1909f56bfc062723c751e8b465ee728b)
Start importing Assets/Scripts/Wizard.cs using Guid(efb0d558ef9d53349be8fc5721dc36ff) Importer(815301076,1909f56bfc062723c751e8b465ee728b)  -> (artifact id: '34749856d0f12d3d9ef69a0d0eddc12f') in 0.004574 seconds
  Import took 0.009889 seconds .

========================================================================
Received Import Request.
  Time since last request: 6.667798 seconds.
  path: Assets/Scripts/Combat.cs
  artifactKey: Guid(21d4439ab1282d941bef43e77522bb88) Importer(815301076,1909f56bfc062723c751e8b465ee728b)
Start importing Assets/Scripts/Combat.cs using Guid(21d4439ab1282d941bef43e77522bb88) Importer(815301076,1909f56bfc062723c751e8b465ee728b)  -> (artifact id: 'd98e980089370bad5c61741cef34472b') in 0.013207 seconds
  Import took 0.016622 seconds .

========================================================================
Received Prepare
Registering precompiled user dll's ...
Registered in 0.000911 seconds.
Begin MonoManager ReloadAssembly
Native extension for WindowsStandalone target not found
Refreshing native plugins compatible for Editor in 0.35 ms, found 1 plugins.
Preloading 0 native plugins for Editor in 0.00 ms.
Mono: successfully reloaded assembly
- Completed reload, in  0.991 seconds
Platform modules already initialized, skipping
Refreshing native plugins compatible for Editor in 0.37 ms, found 1 plugins.
Preloading 0 native plugins for Editor in 0.00 ms.
Unloading 1820 Unused Serialized files (Serialized files now loaded: 0)
System memory in use before: 89.9 MB.
System memory in use after: 89.3 MB.

Unloading 20 unused Assets to reduce memory usage. Loaded Objects now: 2372.
Total: 3.817300 ms (FindLiveObjects: 0.335200 ms CreateObjectMapping: 0.139000 ms MarkObjects: 2.773800 ms  DeleteObjects: 0.568300 ms)

========================================================================
Received Import Request.
  Time since last request: 186.042278 seconds.
  path: Assets/Scripts/PlayerBag.cs
  artifactKey: Guid(c7e010b5fd6740c4a801bed46ad4c030) Importer(815301076,1909f56bfc062723c751e8b465ee728b)
Start importing Assets/Scripts/PlayerBag.cs using Guid(c7e010b5fd6740c4a801bed46ad4c030) Importer(815301076,1909f56bfc062723c751e8b465ee728b)  -> (artifact id: '0ccde2cc6c551be5ca27866e0498afb3') in 0.010156 seconds
  Import took 0.014489 seconds .

========================================================================
Received Prepare
Registering precompiled user dll's ...
Registered in 0.001599 seconds.
Begin MonoManager ReloadAssembly
Native extension for WindowsStandalone target not found
Refreshing native plugins compatible for Editor in 0.52 ms, found 1 plugins.
Preloading 0 native plugins for Editor in 0.00 ms.
Mono: successfully reloaded assembly
- Completed reload, in  0.959 seconds
Platform modules already initialized, skipping
Refreshing native plugins compatible for Editor in 0.43 ms, found 1 plugins.
Preloading 0 native plugins for Editor in 0.00 ms.
Unloading 1820 Unused Serialized files (Serialized files now loaded: 0)
System memory in use before: 89.9 MB.
System memory in use after: 89.3 MB.

Unloading 20 unused Assets to reduce memory usage. Loaded Objects now: 2376.
Total: 3.015800 ms (FindLiveObjects: 0.451600 ms CreateObjectMapping: 0.126600 ms MarkObjects: 2.003700 ms  DeleteObjects: 0.432200 ms)

========================================================================
Received Prepare
Registering precompiled user dll's ...
Registered in 0.001109 seconds.
Begin MonoManager ReloadAssembly
Native extension for WindowsStandalone target not found
Refreshing native plugins compatible for Editor in 0.42 ms, found 1 plugins.
Preloading 0 native plugins for Editor in 0.00 ms.
Mono: successfully reloaded assembly
- Completed reload, in  0.953 seconds
Platform modules already initialized, skipping
Refreshing native plugins compatible for Editor in 0.48 ms, found 1 plugins.
Preloading 0 native plugins for Editor in 0.00 ms.
Unloading 1819 Unused Serialized files (Serialized files now loaded: 0)
System memory in use before: 89.9 MB.
System memory in use after: 89.3 MB.

Unloading 21 unused Assets to reduce memory usage. Loaded Objects now: 2379.
Total: 3.005900 ms (FindLiveObjects: 0.476500 ms CreateObjectMapping: 0.160600 ms MarkObjects: 1.837600 ms  DeleteObjects: 0.529700 ms)

========================================================================
Received Import Request.
  Time since last request: 242.307352 seconds.
  path: Assets/Scripts/PlayerStatsHUDController.cs
  artifactKey: Guid(fe765b72a41594a4b8240d18c2f3243c) Importer(815301076,1909f56bfc062723c751e8b465ee728b)
Start importing Assets/Scripts/PlayerStatsHUDController.cs using Guid(fe765b72a41594a4b8240d18c2f3243c) Importer(815301076,1909f56bfc062723c751e8b465ee728b)  -> (artifact id: '905cab33c1f3cabd2a3ce2bde5b6bb7e') in 0.012790 seconds
  Import took 0.016991 seconds .

========================================================================
Received Prepare
Registering precompiled user dll's ...
Registered in 0.000880 seconds.
Begin MonoManager ReloadAssembly
Native extension for WindowsStandalone target not found
Refreshing native plugins compatible for Editor in 0.35 ms, found 1 plugins.
Preloading 0 native plugins for Editor in 0.00 ms.
Mono: successfully reloaded assembly
- Completed reload, in  0.987 seconds
Platform modules already initialized, skipping
Refreshing native plugins compatible for Editor in 0.45 ms, found 1 plugins.
Preloading 0 native plugins for Editor in 0.00 ms.
Unloading 1820 Unused Serialized files (Serialized files now loaded: 0)
System memory in use before: 89.9 MB.
System memory in use after: 89.4 MB.

Unloading 20 unused Assets to reduce memory usage. Loaded Objects now: 2384.
Total: 2.838200 ms (FindLiveObjects: 0.391500 ms CreateObjectMapping: 0.134000 ms MarkObjects: 1.864100 ms  DeleteObjects: 0.447500 ms)

========================================================================
Received Prepare
Registering precompiled user dll's ...
Registered in 0.000879 seconds.
Begin MonoManager ReloadAssembly
Native extension for WindowsStandalone target not found
Refreshing native plugins compatible for Editor in 0.42 ms, found 1 plugins.
Preloading 0 native plugins for Editor in 0.00 ms.
Mono: successfully reloaded assembly
- Completed reload, in  1.228 seconds
Platform modules already initialized, skipping
Refreshing native plugins compatible for Editor in 0.47 ms, found 1 plugins.
Preloading 0 native plugins for Editor in 0.00 ms.
Unloading 1820 Unused Serialized files (Serialized files now loaded: 0)
System memory in use before: 89.9 MB.
System memory in use after: 89.4 MB.

Unloading 20 unused Assets to reduce memory usage. Loaded Objects now: 2388.
Total: 2.676900 ms (FindLiveObjects: 0.294100 ms CreateObjectMapping: 0.101700 ms MarkObjects: 1.889800 ms  DeleteObjects: 0.375800 ms)

========================================================================
Received Prepare
Registering precompiled user dll's ...
Registered in 0.000917 seconds.
Begin MonoManager ReloadAssembly
Native extension for WindowsStandalone target not found
Refreshing native plugins compatible for Editor in 0.40 ms, found 1 plugins.
Preloading 0 native plugins for Editor in 0.00 ms.
Mono: successfully reloaded assembly
- Completed reload, in  1.046 seconds
Platform modules already initialized, skipping
Refreshing native plugins compatible for Editor in 0.42 ms, found 1 plugins.
Preloading 0 native plugins for Editor in 0.00 ms.
Unloading 1820 Unused Serialized files (Serialized files now loaded: 0)
System memory in use before: 89.9 MB.
System memory in use after: 89.4 MB.

Unloading 20 unused Assets to reduce memory usage. Loaded Objects now: 2392.
Total: 3.768800 ms (FindLiveObjects: 0.728400 ms CreateObjectMapping: 0.257300 ms MarkObjects: 2.334200 ms  DeleteObjects: 0.447000 ms)

========================================================================
Received Import Request.
  Time since last request: 102.991446 seconds.
  path: Assets/Scripts/CombatHUD/PlayerStatsHUDController.cs
  artifactKey: Guid(fe765b72a41594a4b8240d18c2f3243c) Importer(815301076,1909f56bfc062723c751e8b465ee728b)
Start importing Assets/Scripts/CombatHUD/PlayerStatsHUDController.cs using Guid(fe765b72a41594a4b8240d18c2f3243c) Importer(815301076,1909f56bfc062723c751e8b465ee728b)  -> (artifact id: '5fcfb8fca7ddf6c736c6d75f33c265f2') in 0.005131 seconds
  Import took 0.009157 seconds .

========================================================================
Received Prepare
Registering precompiled user dll's ...
Registered in 0.000919 seconds.
Begin MonoManager ReloadAssembly
Native extension for WindowsStandalone target not found
Refreshing native plugins compatible for Editor in 0.48 ms, found 1 plugins.
Preloading 0 native plugins for Editor in 0.00 ms.
Mono: successfully reloaded assembly
- Completed reload, in  0.978 seconds
Platform modules already initialized, skipping
Refreshing native plugins compatible for Editor in 0.39 ms, found 1 plugins.
Preloading 0 native plugins for Editor in 0.00 ms.
Unloading 1820 Unused Serialized files (Serialized files now loaded: 0)
System memory in use before: 89.9 MB.
System memory in use after: 89.4 MB.

Unloading 20 unused Assets to reduce memory usage. Loaded Objects now: 2396.
Total: 2.901400 ms (FindLiveObjects: 0.377500 ms CreateObjectMapping: 0.166800 ms MarkObjects: 1.865700 ms  DeleteObjects: 0.490300 ms)

========================================================================
Received Prepare
Registering precompiled user dll's ...
Registered in 0.000934 seconds.
Begin MonoManager ReloadAssembly
Native extension for WindowsStandalone target not found
Refreshing native plugins compatible for Editor in 0.38 ms, found 1 plugins.
Preloading 0 native plugins for Editor in 0.00 ms.
Mono: successfully reloaded assembly
- Completed reload, in  0.950 seconds
Platform modules already initialized, skipping
Refreshing native plugins compatible for Editor in 0.42 ms, found 1 plugins.
Preloading 0 native plugins for Editor in 0.00 ms.
Unloading 1820 Unused Serialized files (Serialized files now loaded: 0)
System memory in use before: 89.9 MB.
System memory in use after: 89.4 MB.

Unloading 20 unused Assets to reduce memory usage. Loaded Objects now: 2400.
Total: 3.285900 ms (FindLiveObjects: 0.357800 ms CreateObjectMapping: 0.122700 ms MarkObjects: 2.345800 ms  DeleteObjects: 0.458300 ms)

========================================================================
Received Prepare
Registering precompiled user dll's ...
Registered in 0.000849 seconds.
Begin MonoManager ReloadAssembly
Native extension for WindowsStandalone target not found
Refreshing native plugins compatible for Editor in 0.79 ms, found 1 plugins.
Preloading 0 native plugins for Editor in 0.00 ms.
Mono: successfully reloaded assembly
- Completed reload, in  1.011 seconds
Platform modules already initialized, skipping
Refreshing native plugins compatible for Editor in 0.40 ms, found 1 plugins.
Preloading 0 native plugins for Editor in 0.00 ms.
Unloading 1820 Unused Serialized files (Serialized files now loaded: 0)
System memory in use before: 89.9 MB.
System memory in use after: 89.4 MB.

Unloading 20 unused Assets to reduce memory usage. Loaded Objects now: 2404.
Total: 2.685500 ms (FindLiveObjects: 0.252900 ms CreateObjectMapping: 0.129200 ms MarkObjects: 1.894000 ms  DeleteObjects: 0.408100 ms)

========================================================================
Received Prepare
Registering precompiled user dll's ...
Registered in 0.000958 seconds.
Begin MonoManager ReloadAssembly
Native extension for WindowsStandalone target not found
Refreshing native plugins compatible for Editor in 0.58 ms, found 1 plugins.
Preloading 0 native plugins for Editor in 0.00 ms.
Mono: successfully reloaded assembly
- Completed reload, in  1.023 seconds
Platform modules already initialized, skipping
Refreshing native plugins compatible for Editor in 0.42 ms, found 1 plugins.
Preloading 0 native plugins for Editor in 0.00 ms.
Unloading 1820 Unused Serialized files (Serialized files now loaded: 0)
System memory in use before: 90.0 MB.
System memory in use after: 89.4 MB.

Unloading 20 unused Assets to reduce memory usage. Loaded Objects now: 2408.
Total: 2.962900 ms (FindLiveObjects: 0.399900 ms CreateObjectMapping: 0.088600 ms MarkObjects: 2.030200 ms  DeleteObjects: 0.425400 ms)

========================================================================
Received Import Request.
  Time since last request: 778.137814 seconds.
  path: Assets/Scripts/CombatHUD/WizardStatsHUDController.cs
  artifactKey: Guid(430ff71054098ba4db8db7c0a53527c6) Importer(815301076,1909f56bfc062723c751e8b465ee728b)
Start importing Assets/Scripts/CombatHUD/WizardStatsHUDController.cs using Guid(430ff71054098ba4db8db7c0a53527c6) Importer(815301076,1909f56bfc062723c751e8b465ee728b)  -> (artifact id: '89d86144cf7db87db40d8fd9ab857399') in 0.013225 seconds
  Import took 0.018038 seconds .

========================================================================
Received Prepare
Registering precompiled user dll's ...
Registered in 0.001203 seconds.
Begin MonoManager ReloadAssembly
Native extension for WindowsStandalone target not found
Refreshing native plugins compatible for Editor in 0.36 ms, found 1 plugins.
Preloading 0 native plugins for Editor in 0.00 ms.
Mono: successfully reloaded assembly
- Completed reload, in  1.129 seconds
Platform modules already initialized, skipping
Refreshing native plugins compatible for Editor in 1.20 ms, found 1 plugins.
Preloading 0 native plugins for Editor in 0.00 ms.
Unloading 1821 Unused Serialized files (Serialized files now loaded: 0)
System memory in use before: 90.0 MB.
System memory in use after: 89.4 MB.

Unloading 20 unused Assets to reduce memory usage. Loaded Objects now: 2413.
Total: 3.078300 ms (FindLiveObjects: 0.413900 ms CreateObjectMapping: 0.154700 ms MarkObjects: 1.983500 ms  DeleteObjects: 0.524000 ms)

========================================================================
Received Import Request.
  Time since last request: 67.705978 seconds.
  path: Assets/Scripts/CombatHUD/WizardStatsHUDController.cs
  artifactKey: Guid(430ff71054098ba4db8db7c0a53527c6) Importer(815301076,1909f56bfc062723c751e8b465ee728b)
Start importing Assets/Scripts/CombatHUD/WizardStatsHUDController.cs using Guid(430ff71054098ba4db8db7c0a53527c6) Importer(815301076,1909f56bfc062723c751e8b465ee728b)  -> (artifact id: '57ec2e13ef6aab6f6c485ccfe6f9e867') in 0.009070 seconds
  Import took 0.014260 seconds .

========================================================================
Received Import Request.
  Time since last request: 26.627371 seconds.
  path: Assets/Scripts/CombatHUD/WizardStatsHUDController.cs
  artifactKey: Guid(430ff71054098ba4db8db7c0a53527c6) Importer(815301076,1909f56bfc062723c751e8b465ee728b)
Start importing Assets/Scripts/CombatHUD/WizardStatsHUDController.cs using Guid(430ff71054098ba4db8db7c0a53527c6) Importer(815301076,1909f56bfc062723c751e8b465ee728b)  -> (artifact id: 'febaa1c3a4277a0a94ee88fe6e6a68c9') in 0.007652 seconds
  Import took 0.012891 seconds .

========================================================================
Received Prepare
Registering precompiled user dll's ...
Registered in 0.000923 seconds.
Begin MonoManager ReloadAssembly
Native extension for WindowsStandalone target not found
Refreshing native plugins compatible for Editor in 0.63 ms, found 1 plugins.
Preloading 0 native plugins for Editor in 0.00 ms.
Mono: successfully reloaded assembly
- Completed reload, in  1.043 seconds
Platform modules already initialized, skipping
Refreshing native plugins compatible for Editor in 0.41 ms, found 1 plugins.
Preloading 0 native plugins for Editor in 0.00 ms.
Unloading 1821 Unused Serialized files (Serialized files now loaded: 0)
System memory in use before: 90.0 MB.
System memory in use after: 89.4 MB.

Unloading 20 unused Assets to reduce memory usage. Loaded Objects now: 2417.
Total: 2.785000 ms (FindLiveObjects: 0.222300 ms CreateObjectMapping: 0.102300 ms MarkObjects: 2.065700 ms  DeleteObjects: 0.393700 ms)

========================================================================
Received Import Request.
  Time since last request: 45.646639 seconds.
  path: Assets/Scripts/CombatHUD/WizardStatsHUDController.cs
  artifactKey: Guid(430ff71054098ba4db8db7c0a53527c6) Importer(815301076,1909f56bfc062723c751e8b465ee728b)
Start importing Assets/Scripts/CombatHUD/WizardStatsHUDController.cs using Guid(430ff71054098ba4db8db7c0a53527c6) Importer(815301076,1909f56bfc062723c751e8b465ee728b)  -> (artifact id: 'def2ea2dea4a31c58a4d66bf6468f69d') in 0.007194 seconds
  Import took 0.010644 seconds .

========================================================================
Received Prepare
Registering precompiled user dll's ...
Registered in 0.000988 seconds.
Begin MonoManager ReloadAssembly
Native extension for WindowsStandalone target not found
Refreshing native plugins compatible for Editor in 0.55 ms, found 1 plugins.
Preloading 0 native plugins for Editor in 0.00 ms.
Mono: successfully reloaded assembly
- Completed reload, in  0.984 seconds
Platform modules already initialized, skipping
Refreshing native plugins compatible for Editor in 0.48 ms, found 1 plugins.
Preloading 0 native plugins for Editor in 0.00 ms.
Unloading 1821 Unused Serialized files (Serialized files now loaded: 0)
System memory in use before: 90.0 MB.
System memory in use after: 89.5 MB.

Unloading 20 unused Assets to reduce memory usage. Loaded Objects now: 2421.
Total: 3.078500 ms (FindLiveObjects: 0.313700 ms CreateObjectMapping: 0.167300 ms MarkObjects: 2.185200 ms  DeleteObjects: 0.411100 ms)

========================================================================
Received Import Request.
  Time since last request: 43.988460 seconds.
  path: Assets/Scripts/CombatHUD/ProbabilityChangeHUDController.cs
  artifactKey: Guid(130d6cc193aff07438b99358c241a56e) Importer(815301076,1909f56bfc062723c751e8b465ee728b)
Start importing Assets/Scripts/CombatHUD/ProbabilityChangeHUDController.cs using Guid(130d6cc193aff07438b99358c241a56e) Importer(815301076,1909f56bfc062723c751e8b465ee728b)  -> (artifact id: 'b491d9fe4719d909089fa3ebe47045b4') in 0.010380 seconds
  Import took 0.014213 seconds .

========================================================================
Received Import Request.
  Time since last request: 0.027954 seconds.
  path: Assets/Scripts/CombatHUD/ProbabilityChangeHUDController.cs
  artifactKey: Guid(130d6cc193aff07438b99358c241a56e) Importer(815301076,1909f56bfc062723c751e8b465ee728b)
Start importing Assets/Scripts/CombatHUD/ProbabilityChangeHUDController.cs using Guid(130d6cc193aff07438b99358c241a56e) Importer(815301076,1909f56bfc062723c751e8b465ee728b)  -> (artifact id: 'b491d9fe4719d909089fa3ebe47045b4') in 0.005260 seconds
  Import took 0.010166 seconds .

========================================================================
Received Import Request.
  Time since last request: 4.043031 seconds.
  path: Assets/Scripts/CombatHUD/PlayerStatsHUDController.cs
  artifactKey: Guid(fe765b72a41594a4b8240d18c2f3243c) Importer(815301076,1909f56bfc062723c751e8b465ee728b)
Start importing Assets/Scripts/CombatHUD/PlayerStatsHUDController.cs using Guid(fe765b72a41594a4b8240d18c2f3243c) Importer(815301076,1909f56bfc062723c751e8b465ee728b)  -> (artifact id: 'f38ffbb20cfbffc858ebf70081cbd08c') in 0.010421 seconds
  Import took 0.014148 seconds .

========================================================================
Received Import Request.
  Time since last request: 19.659312 seconds.
  path: Assets/Scripts/CombatHUD/EnemyStatsHUDController.cs
  artifactKey: Guid(733bf3218d6deb94e80e1f817a7ad79a) Importer(815301076,1909f56bfc062723c751e8b465ee728b)
Start importing Assets/Scripts/CombatHUD/EnemyStatsHUDController.cs using Guid(733bf3218d6deb94e80e1f817a7ad79a) Importer(815301076,1909f56bfc062723c751e8b465ee728b)  -> (artifact id: '2c42a880f3d36c7810376ba3491ac6b6') in 0.010632 seconds
  Import took 0.014934 seconds .

========================================================================
Received Prepare
Registering precompiled user dll's ...
Registered in 0.000907 seconds.
Begin MonoManager ReloadAssembly
Native extension for WindowsStandalone target not found
Refreshing native plugins compatible for Editor in 0.41 ms, found 1 plugins.
Preloading 0 native plugins for Editor in 0.00 ms.
Mono: successfully reloaded assembly
- Completed reload, in  1.074 seconds
Platform modules already initialized, skipping
Refreshing native plugins compatible for Editor in 0.74 ms, found 1 plugins.
Preloading 0 native plugins for Editor in 0.00 ms.
Unloading 1822 Unused Serialized files (Serialized files now loaded: 0)
System memory in use before: 90.0 MB.
System memory in use after: 89.5 MB.

Unloading 20 unused Assets to reduce memory usage. Loaded Objects now: 2426.
Total: 3.553900 ms (FindLiveObjects: 0.403100 ms CreateObjectMapping: 0.159800 ms MarkObjects: 2.579400 ms  DeleteObjects: 0.410000 ms)

========================================================================
Received Prepare
Registering precompiled user dll's ...
Registered in 0.001529 seconds.
Begin MonoManager ReloadAssembly
Native extension for WindowsStandalone target not found
Refreshing native plugins compatible for Editor in 0.35 ms, found 1 plugins.
Preloading 0 native plugins for Editor in 0.00 ms.
Mono: successfully reloaded assembly
- Completed reload, in  1.045 seconds
Platform modules already initialized, skipping
Refreshing native plugins compatible for Editor in 0.42 ms, found 1 plugins.
Preloading 0 native plugins for Editor in 0.00 ms.
Unloading 1822 Unused Serialized files (Serialized files now loaded: 0)
System memory in use before: 90.0 MB.
System memory in use after: 89.5 MB.

Unloading 20 unused Assets to reduce memory usage. Loaded Objects now: 2430.
Total: 2.561000 ms (FindLiveObjects: 0.326000 ms CreateObjectMapping: 0.078600 ms MarkObjects: 1.756600 ms  DeleteObjects: 0.398900 ms)

========================================================================
Received Import Request.
  Time since last request: 74.944403 seconds.
  path: Assets/Scripts/CombatHUD/EnemyStatsHUDController.cs
  artifactKey: Guid(733bf3218d6deb94e80e1f817a7ad79a) Importer(815301076,1909f56bfc062723c751e8b465ee728b)
Start importing Assets/Scripts/CombatHUD/EnemyStatsHUDController.cs using Guid(733bf3218d6deb94e80e1f817a7ad79a) Importer(815301076,1909f56bfc062723c751e8b465ee728b)  -> (artifact id: '9922b5eccf16e8bd80fed3fcce59060f') in 0.006622 seconds
  Import took 0.010030 seconds .

========================================================================
Received Import Request.
  Time since last request: 62.772834 seconds.
  path: Assets/Scripts/CombatHUD/EnemyStatsHUDController.cs
  artifactKey: Guid(733bf3218d6deb94e80e1f817a7ad79a) Importer(815301076,1909f56bfc062723c751e8b465ee728b)
Start importing Assets/Scripts/CombatHUD/EnemyStatsHUDController.cs using Guid(733bf3218d6deb94e80e1f817a7ad79a) Importer(815301076,1909f56bfc062723c751e8b465ee728b)  -> (artifact id: 'ac188a3610b84228f66f4793d0d49a8c') in 0.004029 seconds
  Import took 0.009307 seconds .

========================================================================
Received Prepare
Registering precompiled user dll's ...
Registered in 0.001062 seconds.
Begin MonoManager ReloadAssembly
Native extension for WindowsStandalone target not found
Refreshing native plugins compatible for Editor in 0.39 ms, found 1 plugins.
Preloading 0 native plugins for Editor in 0.00 ms.
Mono: successfully reloaded assembly
- Completed reload, in  1.008 seconds
Platform modules already initialized, skipping
Refreshing native plugins compatible for Editor in 0.40 ms, found 1 plugins.
Preloading 0 native plugins for Editor in 0.00 ms.
Unloading 1822 Unused Serialized files (Serialized files now loaded: 0)
System memory in use before: 90.0 MB.
System memory in use after: 89.5 MB.

Unloading 20 unused Assets to reduce memory usage. Loaded Objects now: 2434.
Total: 3.426200 ms (FindLiveObjects: 0.470900 ms CreateObjectMapping: 0.132000 ms MarkObjects: 2.352900 ms  DeleteObjects: 0.469000 ms)

========================================================================
Received Prepare
Registering precompiled user dll's ...
Registered in 0.000976 seconds.
Begin MonoManager ReloadAssembly
Native extension for WindowsStandalone target not found
Refreshing native plugins compatible for Editor in 0.38 ms, found 1 plugins.
Preloading 0 native plugins for Editor in 0.00 ms.
Mono: successfully reloaded assembly
- Completed reload, in  0.979 seconds
Platform modules already initialized, skipping
Refreshing native plugins compatible for Editor in 0.40 ms, found 1 plugins.
Preloading 0 native plugins for Editor in 0.00 ms.
Unloading 1822 Unused Serialized files (Serialized files now loaded: 0)
System memory in use before: 90.1 MB.
System memory in use after: 89.5 MB.

Unloading 20 unused Assets to reduce memory usage. Loaded Objects now: 2438.
Total: 4.406000 ms (FindLiveObjects: 0.477600 ms CreateObjectMapping: 0.143700 ms MarkObjects: 3.179600 ms  DeleteObjects: 0.603200 ms)

========================================================================
Received Prepare
Registering precompiled user dll's ...
Registered in 0.001029 seconds.
Begin MonoManager ReloadAssembly
Native extension for WindowsStandalone target not found
Refreshing native plugins compatible for Editor in 0.48 ms, found 1 plugins.
Preloading 0 native plugins for Editor in 0.00 ms.
Mono: successfully reloaded assembly
- Completed reload, in  0.958 seconds
Platform modules already initialized, skipping
Refreshing native plugins compatible for Editor in 0.59 ms, found 1 plugins.
Preloading 0 native plugins for Editor in 0.00 ms.
Unloading 1822 Unused Serialized files (Serialized files now loaded: 0)
System memory in use before: 90.1 MB.
System memory in use after: 89.5 MB.

Unloading 20 unused Assets to reduce memory usage. Loaded Objects now: 2442.
Total: 3.214200 ms (FindLiveObjects: 0.426500 ms CreateObjectMapping: 0.096300 ms MarkObjects: 2.280400 ms  DeleteObjects: 0.408800 ms)

========================================================================
Received Prepare
Registering precompiled user dll's ...
Registered in 0.000927 seconds.
Begin MonoManager ReloadAssembly
Native extension for WindowsStandalone target not found
Refreshing native plugins compatible for Editor in 0.35 ms, found 1 plugins.
Preloading 0 native plugins for Editor in 0.00 ms.
Mono: successfully reloaded assembly
- Completed reload, in  1.001 seconds
Platform modules already initialized, skipping
Refreshing native plugins compatible for Editor in 0.45 ms, found 1 plugins.
Preloading 0 native plugins for Editor in 0.00 ms.
Unloading 1822 Unused Serialized files (Serialized files now loaded: 0)
System memory in use before: 90.1 MB.
System memory in use after: 89.5 MB.

Unloading 20 unused Assets to reduce memory usage. Loaded Objects now: 2446.
Total: 3.460600 ms (FindLiveObjects: 0.372500 ms CreateObjectMapping: 0.176200 ms MarkObjects: 2.465900 ms  DeleteObjects: 0.444000 ms)

========================================================================
Received Prepare
Registering precompiled user dll's ...
Registered in 0.000846 seconds.
Begin MonoManager ReloadAssembly
Native extension for WindowsStandalone target not found
Refreshing native plugins compatible for Editor in 0.39 ms, found 1 plugins.
Preloading 0 native plugins for Editor in 0.00 ms.
Mono: successfully reloaded assembly
- Completed reload, in  1.035 seconds
Platform modules already initialized, skipping
Refreshing native plugins compatible for Editor in 0.39 ms, found 1 plugins.
Preloading 0 native plugins for Editor in 0.00 ms.
Unloading 1822 Unused Serialized files (Serialized files now loaded: 0)
System memory in use before: 90.1 MB.
System memory in use after: 89.5 MB.

Unloading 20 unused Assets to reduce memory usage. Loaded Objects now: 2450.
Total: 2.971700 ms (FindLiveObjects: 0.387200 ms CreateObjectMapping: 0.160500 ms MarkObjects: 1.908900 ms  DeleteObjects: 0.513500 ms)

========================================================================
Received Prepare
Registering precompiled user dll's ...
Registered in 0.000883 seconds.
Begin MonoManager ReloadAssembly
Native extension for WindowsStandalone target not found
Refreshing native plugins compatible for Editor in 0.40 ms, found 1 plugins.
Preloading 0 native plugins for Editor in 0.00 ms.
Mono: successfully reloaded assembly
- Completed reload, in  1.018 seconds
Platform modules already initialized, skipping
Refreshing native plugins compatible for Editor in 0.45 ms, found 1 plugins.
Preloading 0 native plugins for Editor in 0.00 ms.
Unloading 1822 Unused Serialized files (Serialized files now loaded: 0)
System memory in use before: 90.1 MB.
System memory in use after: 89.6 MB.

Unloading 20 unused Assets to reduce memory usage. Loaded Objects now: 2454.
Total: 2.939200 ms (FindLiveObjects: 0.308800 ms CreateObjectMapping: 0.109000 ms MarkObjects: 2.086200 ms  DeleteObjects: 0.433900 ms)

========================================================================
Received Prepare
Registering precompiled user dll's ...
Registered in 0.000872 seconds.
Begin MonoManager ReloadAssembly
Native extension for WindowsStandalone target not found
Refreshing native plugins compatible for Editor in 0.46 ms, found 1 plugins.
Preloading 0 native plugins for Editor in 0.00 ms.
Mono: successfully reloaded assembly
- Completed reload, in  1.056 seconds
Platform modules already initialized, skipping
Refreshing native plugins compatible for Editor in 0.37 ms, found 1 plugins.
Preloading 0 native plugins for Editor in 0.00 ms.
Unloading 1822 Unused Serialized files (Serialized files now loaded: 0)
System memory in use before: 90.1 MB.
System memory in use after: 89.6 MB.

Unloading 20 unused Assets to reduce memory usage. Loaded Objects now: 2458.
Total: 3.116200 ms (FindLiveObjects: 0.416400 ms CreateObjectMapping: 0.126400 ms MarkObjects: 2.147000 ms  DeleteObjects: 0.425300 ms)

========================================================================
Received Prepare
Registering precompiled user dll's ...
Registered in 0.001471 seconds.
Begin MonoManager ReloadAssembly
Native extension for WindowsStandalone target not found
Refreshing native plugins compatible for Editor in 0.36 ms, found 1 plugins.
Preloading 0 native plugins for Editor in 0.00 ms.
Mono: successfully reloaded assembly
- Completed reload, in  1.039 seconds
Platform modules already initialized, skipping
Refreshing native plugins compatible for Editor in 0.37 ms, found 1 plugins.
Preloading 0 native plugins for Editor in 0.00 ms.
Unloading 1822 Unused Serialized files (Serialized files now loaded: 0)
System memory in use before: 90.1 MB.
System memory in use after: 89.6 MB.

Unloading 20 unused Assets to reduce memory usage. Loaded Objects now: 2462.
Total: 2.809500 ms (FindLiveObjects: 0.279900 ms CreateObjectMapping: 0.105400 ms MarkObjects: 2.015500 ms  DeleteObjects: 0.407100 ms)

========================================================================
Received Prepare
Registering precompiled user dll's ...
Registered in 0.001632 seconds.
Begin MonoManager ReloadAssembly
Native extension for WindowsStandalone target not found
Refreshing native plugins compatible for Editor in 0.36 ms, found 1 plugins.
Preloading 0 native plugins for Editor in 0.00 ms.
Mono: successfully reloaded assembly
- Completed reload, in  0.995 seconds
Platform modules already initialized, skipping
Refreshing native plugins compatible for Editor in 0.39 ms, found 1 plugins.
Preloading 0 native plugins for Editor in 0.00 ms.
Unloading 1822 Unused Serialized files (Serialized files now loaded: 0)
System memory in use before: 90.1 MB.
System memory in use after: 89.6 MB.

Unloading 20 unused Assets to reduce memory usage. Loaded Objects now: 2466.
Total: 3.558500 ms (FindLiveObjects: 0.300300 ms CreateObjectMapping: 0.246500 ms MarkObjects: 2.615200 ms  DeleteObjects: 0.394900 ms)

========================================================================
Received Prepare
Registering precompiled user dll's ...
Registered in 0.001003 seconds.
Begin MonoManager ReloadAssembly
Native extension for WindowsStandalone target not found
Refreshing native plugins compatible for Editor in 0.37 ms, found 1 plugins.
Preloading 0 native plugins for Editor in 0.00 ms.
Mono: successfully reloaded assembly
- Completed reload, in  1.026 seconds
Platform modules already initialized, skipping
Refreshing native plugins compatible for Editor in 0.41 ms, found 1 plugins.
Preloading 0 native plugins for Editor in 0.00 ms.
Unloading 1822 Unused Serialized files (Serialized files now loaded: 0)
System memory in use before: 90.1 MB.
System memory in use after: 89.6 MB.

Unloading 20 unused Assets to reduce memory usage. Loaded Objects now: 2470.
Total: 2.913600 ms (FindLiveObjects: 0.177000 ms CreateObjectMapping: 0.059100 ms MarkObjects: 2.229400 ms  DeleteObjects: 0.446400 ms)

========================================================================
Received Prepare
Registering precompiled user dll's ...
Registered in 0.000858 seconds.
Begin MonoManager ReloadAssembly
Native extension for WindowsStandalone target not found
Refreshing native plugins compatible for Editor in 0.35 ms, found 1 plugins.
Preloading 0 native plugins for Editor in 0.00 ms.
Mono: successfully reloaded assembly
- Completed reload, in  0.989 seconds
Platform modules already initialized, skipping
Refreshing native plugins compatible for Editor in 0.41 ms, found 1 plugins.
Preloading 0 native plugins for Editor in 0.00 ms.
Unloading 1822 Unused Serialized files (Serialized files now loaded: 0)
System memory in use before: 90.1 MB.
System memory in use after: 89.6 MB.

Unloading 20 unused Assets to reduce memory usage. Loaded Objects now: 2474.
Total: 3.454400 ms (FindLiveObjects: 0.428400 ms CreateObjectMapping: 0.203800 ms MarkObjects: 2.350300 ms  DeleteObjects: 0.470500 ms)

========================================================================
Received Prepare
Registering precompiled user dll's ...
Registered in 0.000865 seconds.
Begin MonoManager ReloadAssembly
Native extension for WindowsStandalone target not found
Refreshing native plugins compatible for Editor in 0.64 ms, found 1 plugins.
Preloading 0 native plugins for Editor in 0.00 ms.
Mono: successfully reloaded assembly
- Completed reload, in  1.045 seconds
Platform modules already initialized, skipping
Refreshing native plugins compatible for Editor in 0.38 ms, found 1 plugins.
Preloading 0 native plugins for Editor in 0.00 ms.
Unloading 1822 Unused Serialized files (Serialized files now loaded: 0)
System memory in use before: 90.1 MB.
System memory in use after: 89.6 MB.

Unloading 20 unused Assets to reduce memory usage. Loaded Objects now: 2478.
Total: 3.817500 ms (FindLiveObjects: 0.409400 ms CreateObjectMapping: 0.098700 ms MarkObjects: 2.914800 ms  DeleteObjects: 0.393400 ms)

